<?xml version="1.0" encoding="UTF-8"?>
<!-- Generated by org.testng.reporters.JUnitReportReporter -->
<testsuite skipped="0" hostname="Warunis-MacBook-Air.local" name="com.customer.portal.PlanCreationTest" tests="2" failures="0" timestamp="21 Sep 2019 22:48:26 GMT" time="16.787" errors="0">
  <testcase name="loginTest" time="9.974" classname="com.customer.portal.PlanCreationTest"/>
  <testcase name="planCreationTest" time="6.813" classname="com.customer.portal.PlanCreationTest"/>
</testsuite> <!-- com.customer.portal.PlanCreationTest -->
